{
  "numFailedTestSuites": 0,
  "numFailedTests": 0,
  "numPassedTestSuites": 1,
  "numPassedTests": 1,
  "numPendingTestSuites": 0,
  "numPendingTests": 2,
  "numRuntimeErrorTestSuites": 0,
  "numTodoTests": 0,
  "numTotalTestSuites": 1,
  "numTotalTests": 3,
  "openHandles": [],
  "snapshot": {
    "added": 0,
    "didUpdate": false,
    "failure": false,
    "filesAdded": 0,
    "filesRemoved": 0,
    "filesRemovedList": [],
    "filesUnmatched": 0,
    "filesUpdated": 0,
    "matched": 0,
    "total": 0,
    "unchecked": 0,
    "uncheckedKeysByFile": [],
    "unmatched": 0,
    "updated": 0
  },
  "startTime": 1640129838537,
  "success": false,
  "testResults": [
    {
      "leaks": false,
      "numFailingTests": 0,
      "numPassingTests": 1,
      "numPendingTests": 2,
      "numTodoTests": 0,
      "openHandles": [],
      "perfStats": {
        "end": 1640129849023,
        "runtime": 10174,
        "slow": true,
        "start": 1640129838849
      },
      "skipped": false,
      "snapshot": {
        "added": 0,
        "fileDeleted": false,
        "matched": 0,
        "unchecked": 0,
        "uncheckedKeys": [],
        "unmatched": 0,
        "updated": 0
      },
      "testFilePath": "/Users/tombilbe/extra-curricular/funP/pantree-io/pantrio/src/handlers/events/recipe-image/raw-recipe-image-event.unit.test.ts",
      "testResults": [
        {
          "ancestorTitles": [],
          "duration": null,
          "failureDetails": [],
          "failureMessages": [],
          "fullName": "GIVEN the handler receives an s3 event\nWHEN s3 fails load to the file\nTHEN the handler throws",
          "invocations": 1,
          "location": null,
          "numPassingAsserts": 0,
          "status": "pending",
          "title": "GIVEN the handler receives an s3 event\nWHEN s3 fails load to the file\nTHEN the handler throws"
        },
        {
          "ancestorTitles": [],
          "duration": null,
          "failureDetails": [],
          "failureMessages": [],
          "fullName": "GIVEN the handler receives an s3 event\nWHEN textract fails to receive the image\nTHEN the handler throws an error",
          "invocations": 1,
          "location": null,
          "numPassingAsserts": 0,
          "status": "pending",
          "title": "GIVEN the handler receives an s3 event\nWHEN textract fails to receive the image\nTHEN the handler throws an error"
        },
        {
          "ancestorTitles": [],
          "duration": 72,
          "failureDetails": [],
          "failureMessages": [],
          "fullName": "GIVEN the handler receives an s3 event\nWHEN textract detects RECIPE text\nTHEN the handler completes successfully",
          "invocations": 1,
          "location": null,
          "numPassingAsserts": 0,
          "status": "passed",
          "title": "GIVEN the handler receives an s3 event\nWHEN textract detects RECIPE text\nTHEN the handler completes successfully"
        }
      ],
      "failureMessage": null
    }
  ],
  "wasInterrupted": false
}