{
  "numFailedTestSuites": 0,
  "numFailedTests": 0,
  "numPassedTestSuites": 1,
  "numPassedTests": 1,
  "numPendingTestSuites": 0,
  "numPendingTests": 1,
  "numRuntimeErrorTestSuites": 0,
  "numTodoTests": 0,
  "numTotalTestSuites": 1,
  "numTotalTests": 2,
  "openHandles": [],
  "snapshot": {
    "added": 0,
    "didUpdate": false,
    "failure": false,
    "filesAdded": 0,
    "filesRemoved": 0,
    "filesRemovedList": [],
    "filesUnmatched": 0,
    "filesUpdated": 0,
    "matched": 0,
    "total": 0,
    "unchecked": 0,
    "uncheckedKeysByFile": [],
    "unmatched": 0,
    "updated": 0
  },
  "startTime": 1640791461097,
  "success": false,
  "testResults": [
    {
      "leaks": false,
      "numFailingTests": 0,
      "numPassingTests": 1,
      "numPendingTests": 1,
      "numTodoTests": 0,
      "openHandles": [],
      "perfStats": {
        "end": 1640791468258,
        "runtime": 6875,
        "slow": true,
        "start": 1640791461383
      },
      "skipped": false,
      "snapshot": {
        "added": 0,
        "fileDeleted": false,
        "matched": 0,
        "unchecked": 0,
        "uncheckedKeys": [],
        "unmatched": 0,
        "updated": 0
      },
      "testFilePath": "/Users/tombilbe/extra-curricular/funP/pantree-io/pantrio/src/handlers/http/get-stored-textract-result/get-stored-textract-result.unit.test.ts",
      "testResults": [
        {
          "ancestorTitles": [],
          "duration": null,
          "failureDetails": [],
          "failureMessages": [],
          "fullName": "GIVEN a call to the handler\nWHEN the request does not contain an id\nTHEN the handler throws",
          "invocations": 1,
          "location": null,
          "numPassingAsserts": 0,
          "status": "pending",
          "title": "GIVEN a call to the handler\nWHEN the request does not contain an id\nTHEN the handler throws"
        },
        {
          "ancestorTitles": [],
          "duration": 2,
          "failureDetails": [],
          "failureMessages": [],
          "fullName": "GIVEN a call to the handler\nWHEN the request succeeds\nTHEN the handler returns ",
          "invocations": 1,
          "location": null,
          "numPassingAsserts": 0,
          "status": "passed",
          "title": "GIVEN a call to the handler\nWHEN the request succeeds\nTHEN the handler returns "
        }
      ],
      "failureMessage": null
    }
  ],
  "wasInterrupted": false
}